# JRE version: OpenJDK Runtime Environment Temurin-17.0.11+9 (17.0.11+9) (build 17.0.11+9)
# Java VM: OpenJDK 64-Bit Server VM Temurin-17.0.11+9 (17.0.11+9, mixed mode, tiered, compressed oops, compressed class ptrs, parallel gc, windows-amd64)
GC Precious Log:
 CPUs: 4 total, 4 available
 Memory: 7834M
 Large Page Support: Disabled
 NUMA Support: Disabled
 Compressed Oops: Enabled (32-bit)
 Alignments: Space 512K, Generation 512K, Heap 2M
 Heap Min Capacity: 100M
 Heap Initial Capacity: 100M
 Heap Max Capacity: 1G
 Pre-touch: Disabled
 Parallel Workers: 4
Heap:
 PSYoungGen      total 15872K, used 10085K [0x00000000eab00000, 0x00000000ebf00000, 0x0000000100000000)
  eden space 15360K, 62% used [0x00000000eab00000,0x00000000eb45b530,0x00000000eba00000)
  from space 512K, 98% used [0x00000000ebe00000,0x00000000ebe7dfc8,0x00000000ebe80000)
  to   space 512K, 0% used [0x00000000ebe80000,0x00000000ebe80000,0x00000000ebf00000)
 ParOldGen       total 68608K, used 40355K [0x00000000c0000000, 0x00000000c4300000, 0x00000000eab00000)
  object space 68608K, 58% used [0x00000000c0000000,0x00000000c2768fa0,0x00000000c4300000)
 Metaspace       used 67472K, committed 68608K, reserved 1114112K
  class space    used 8192K, committed 8704K, reserved 1048576K
GC Heap History (20 events):
Event: 27.263 GC heap before
{Heap before GC invocations=43 (full 3):
 PSYoungGen      total 16384K, used 16136K [0x00000000eab00000, 0x00000000ec000000, 0x0000000100000000)
  eden space 15360K, 100% used [0x00000000eab00000,0x00000000eba00000,0x00000000eba00000)
  from space 1024K, 75% used [0x00000000ebe00000,0x00000000ebec23f8,0x00000000ebf00000)
  to   space 1024K, 0% used [0x00000000ebf00000,0x00000000ebf00000,0x00000000ec000000)
 ParOldGen       total 68608K, used 38529K [0x00000000c0000000, 0x00000000c4300000, 0x00000000eab00000)
  object space 68608K, 56% used [0x00000000c0000000,0x00000000c25a0560,0x00000000c4300000)
 Metaspace       used 64710K, committed 65728K, reserved 1114112K
  class space    used 7823K, committed 8256K, reserved 1048576K
}
Event: 27.264 GC heap after
{Heap after GC invocations=43 (full 3):
 PSYoungGen      total 15872K, used 192K [0x00000000eab00000, 0x00000000ebf80000, 0x0000000100000000)
  eden space 15360K, 0% used [0x00000000eab00000,0x00000000eab00000,0x00000000eba00000)
  from space 512K, 37% used [0x00000000ebf00000,0x00000000ebf30000,0x00000000ebf80000)
  to   space 512K, 0% used [0x00000000ebe80000,0x00000000ebe80000,0x00000000ebf00000)
 ParOldGen       total 68608K, used 38569K [0x00000000c0000000, 0x00000000c4300000, 0x00000000eab00000)
  object space 68608K, 56% used [0x00000000c0000000,0x00000000c25aa570,0x00000000c4300000)
 Metaspace       used 64710K, committed 65728K, reserved 1114112K
  class space    used 7823K, committed 8256K, reserved 1048576K
}
Event: 27.362 GC heap before
{Heap before GC invocations=44 (full 3):
 PSYoungGen      total 15872K, used 15552K [0x00000000eab00000, 0x00000000ebf80000, 0x0000000100000000)
  eden space 15360K, 100% used [0x00000000eab00000,0x00000000eba00000,0x00000000eba00000)
  from space 512K, 37% used [0x00000000ebf00000,0x00000000ebf30000,0x00000000ebf80000)
  to   space 512K, 0% used [0x00000000ebe80000,0x00000000ebe80000,0x00000000ebf00000)
 ParOldGen       total 68608K, used 38569K [0x00000000c0000000, 0x00000000c4300000, 0x00000000eab00000)
  object space 68608K, 56% used [0x00000000c0000000,0x00000000c25aa570,0x00000000c4300000)
 Metaspace       used 64723K, committed 65792K, reserved 1114112K
  class space    used 7826K, committed 8320K, reserved 1048576K
}
Event: 27.362 GC heap after
{Heap after GC invocations=44 (full 3):
 PSYoungGen      total 15872K, used 487K [0x00000000eab00000, 0x00000000ebf80000, 0x0000000100000000)
  eden space 15360K, 0% used [0x00000000eab00000,0x00000000eab00000,0x00000000eba00000)
  from space 512K, 95% used [0x00000000ebe80000,0x00000000ebef9c40,0x00000000ebf00000)
  to   space 512K, 0% used [0x00000000ebf00000,0x00000000ebf00000,0x00000000ebf80000)
 ParOldGen       total 68608K, used 38672K [0x00000000c0000000, 0x00000000c4300000, 0x00000000eab00000)
  object space 68608K, 56% used [0x00000000c0000000,0x00000000c25c42e0,0x00000000c4300000)
 Metaspace       used 64723K, committed 65792K, reserved 1114112K
  class space    used 7826K, committed 8320K, reserved 1048576K
}
Event: 27.480 GC heap before
{Heap before GC invocations=45 (full 3):
 PSYoungGen      total 15872K, used 15847K [0x00000000eab00000, 0x00000000ebf80000, 0x0000000100000000)
  eden space 15360K, 100% used [0x00000000eab00000,0x00000000eba00000,0x00000000eba00000)
  from space 512K, 95% used [0x00000000ebe80000,0x00000000ebef9c40,0x00000000ebf00000)
  to   space 512K, 0% used [0x00000000ebf00000,0x00000000ebf00000,0x00000000ebf80000)
 ParOldGen       total 68608K, used 38672K [0x00000000c0000000, 0x00000000c4300000, 0x00000000eab00000)
  object space 68608K, 56% used [0x00000000c0000000,0x00000000c25c42e0,0x00000000c4300000)
 Metaspace       used 64723K, committed 65792K, reserved 1114112K
  class space    used 7826K, committed 8320K, reserved 1048576K
}
Event: 27.480 GC heap after
{Heap after GC invocations=45 (full 3):
 PSYoungGen      total 15872K, used 504K [0x00000000eab00000, 0x00000000ebf80000, 0x0000000100000000)
  eden space 15360K, 0% used [0x00000000eab00000,0x00000000eab00000,0x00000000eba00000)
  from space 512K, 98% used [0x00000000ebf00000,0x00000000ebf7e388,0x00000000ebf80000)
  to   space 1024K, 0% used [0x00000000ebd80000,0x00000000ebd80000,0x00000000ebe80000)
 ParOldGen       total 68608K, used 39067K [0x00000000c0000000, 0x00000000c4300000, 0x00000000eab00000)
  object space 68608K, 56% used [0x00000000c0000000,0x00000000c2626f00,0x00000000c4300000)
 Metaspace       used 64723K, committed 65792K, reserved 1114112K
  class space    used 7826K, committed 8320K, reserved 1048576K
}
Event: 27.609 GC heap before
{Heap before GC invocations=46 (full 3):
 PSYoungGen      total 15872K, used 15864K [0x00000000eab00000, 0x00000000ebf80000, 0x0000000100000000)
  eden space 15360K, 100% used [0x00000000eab00000,0x00000000eba00000,0x00000000eba00000)
  from space 512K, 98% used [0x00000000ebf00000,0x00000000ebf7e388,0x00000000ebf80000)
  to   space 1024K, 0% used [0x00000000ebd80000,0x00000000ebd80000,0x00000000ebe80000)
 ParOldGen       total 68608K, used 39067K [0x00000000c0000000, 0x00000000c4300000, 0x00000000eab00000)
  object space 68608K, 56% used [0x00000000c0000000,0x00000000c2626f00,0x00000000c4300000)
 Metaspace       used 64725K, committed 65792K, reserved 1114112K
  class space    used 7826K, committed 8320K, reserved 1048576K
}
Event: 27.610 GC heap after
{Heap after GC invocations=46 (full 3):
 PSYoungGen      total 16384K, used 544K [0x00000000eab00000, 0x00000000ebf80000, 0x0000000100000000)
  eden space 15360K, 0% used [0x00000000eab00000,0x00000000eab00000,0x00000000eba00000)
  from space 1024K, 53% used [0x00000000ebd80000,0x00000000ebe082f8,0x00000000ebe80000)
  to   space 1024K, 0% used [0x00000000ebe80000,0x00000000ebe80000,0x00000000ebf80000)
 ParOldGen       total 68608K, used 39107K [0x00000000c0000000, 0x00000000c4300000, 0x00000000eab00000)
  object space 68608K, 57% used [0x00000000c0000000,0x00000000c2630f10,0x00000000c4300000)
 Metaspace       used 64725K, committed 65792K, reserved 1114112K
  class space    used 7826K, committed 8320K, reserved 1048576K
}
Event: 27.738 GC heap before
{Heap before GC invocations=47 (full 3):
 PSYoungGen      total 16384K, used 15904K [0x00000000eab00000, 0x00000000ebf80000, 0x0000000100000000)
  eden space 15360K, 100% used [0x00000000eab00000,0x00000000eba00000,0x00000000eba00000)
  from space 1024K, 53% used [0x00000000ebd80000,0x00000000ebe082f8,0x00000000ebe80000)
  to   space 1024K, 0% used [0x00000000ebe80000,0x00000000ebe80000,0x00000000ebf80000)
 ParOldGen       total 68608K, used 39108K [0x00000000c0000000, 0x00000000c4300000, 0x00000000eab00000)
  object space 68608K, 57% used [0x00000000c0000000,0x00000000c2631040,0x00000000c4300000)
 Metaspace       used 64725K, committed 65792K, reserved 1114112K
  class space    used 7826K, committed 8320K, reserved 1048576K
}
Event: 27.738 GC heap after
{Heap after GC invocations=47 (full 3):
 PSYoungGen      total 15872K, used 144K [0x00000000eab00000, 0x00000000ebf00000, 0x0000000100000000)
  eden space 15360K, 0% used [0x00000000eab00000,0x00000000eab00000,0x00000000eba00000)
  from space 512K, 28% used [0x00000000ebe80000,0x00000000ebea43c8,0x00000000ebf00000)
  to   space 512K, 0% used [0x00000000ebe00000,0x00000000ebe00000,0x00000000ebe80000)
 ParOldGen       total 68608K, used 39203K [0x00000000c0000000, 0x00000000c4300000, 0x00000000eab00000)
  object space 68608K, 57% used [0x00000000c0000000,0x00000000c2648db0,0x00000000c4300000)
 Metaspace       used 64725K, committed 65792K, reserved 1114112K
  class space    used 7826K, committed 8320K, reserved 1048576K
}
Event: 27.942 GC heap before
{Heap before GC invocations=48 (full 3):
 PSYoungGen      total 15872K, used 15504K [0x00000000eab00000, 0x00000000ebf00000, 0x0000000100000000)
  eden space 15360K, 100% used [0x00000000eab00000,0x00000000eba00000,0x00000000eba00000)
  from space 512K, 28% used [0x00000000ebe80000,0x00000000ebea43c8,0x00000000ebf00000)
  to   space 512K, 0% used [0x00000000ebe00000,0x00000000ebe00000,0x00000000ebe80000)
 ParOldGen       total 68608K, used 39217K [0x00000000c0000000, 0x00000000c4300000, 0x00000000eab00000)
  object space 68608K, 57% used [0x00000000c0000000,0x00000000c264c488,0x00000000c4300000)
 Metaspace       used 64725K, committed 65792K, reserved 1114112K
  class space    used 7826K, committed 8320K, reserved 1048576K
}
Event: 27.943 GC heap after
{Heap after GC invocations=48 (full 3):
 PSYoungGen      total 15872K, used 497K [0x00000000eab00000, 0x00000000ebf00000, 0x0000000100000000)
  eden space 15360K, 0% used [0x00000000eab00000,0x00000000eab00000,0x00000000eba00000)
  from space 512K, 97% used [0x00000000ebe00000,0x00000000ebe7c4c0,0x00000000ebe80000)
  to   space 512K, 0% used [0x00000000ebe80000,0x00000000ebe80000,0x00000000ebf00000)
 ParOldGen       total 68608K, used 39389K [0x00000000c0000000, 0x00000000c4300000, 0x00000000eab00000)
  object space 68608K, 57% used [0x00000000c0000000,0x00000000c26774b8,0x00000000c4300000)
 Metaspace       used 64725K, committed 65792K, reserved 1114112K
  class space    used 7826K, committed 8320K, reserved 1048576K
}
Event: 28.051 GC heap before
{Heap before GC invocations=49 (full 3):
 PSYoungGen      total 15872K, used 15857K [0x00000000eab00000, 0x00000000ebf00000, 0x0000000100000000)
  eden space 15360K, 100% used [0x00000000eab00000,0x00000000eba00000,0x00000000eba00000)
  from space 512K, 97% used [0x00000000ebe00000,0x00000000ebe7c4c0,0x00000000ebe80000)
  to   space 512K, 0% used [0x00000000ebe80000,0x00000000ebe80000,0x00000000ebf00000)
 ParOldGen       total 68608K, used 39389K [0x00000000c0000000, 0x00000000c4300000, 0x00000000eab00000)
  object space 68608K, 57% used [0x00000000c0000000,0x00000000c26774b8,0x00000000c4300000)
 Metaspace       used 64725K, committed 65792K, reserved 1114112K
  class space    used 7826K, committed 8320K, reserved 1048576K
}
Event: 28.051 GC heap after
{Heap after GC invocations=49 (full 3):
 PSYoungGen      total 15872K, used 494K [0x00000000eab00000, 0x00000000ebf00000, 0x0000000100000000)
  eden space 15360K, 0% used [0x00000000eab00000,0x00000000eab00000,0x00000000eba00000)
  from space 512K, 96% used [0x00000000ebe80000,0x00000000ebefba78,0x00000000ebf00000)
  to   space 1024K, 0% used [0x00000000ebd00000,0x00000000ebd00000,0x00000000ebe00000)
 ParOldGen       total 68608K, used 39842K [0x00000000c0000000, 0x00000000c4300000, 0x00000000eab00000)
  object space 68608K, 58% used [0x00000000c0000000,0x00000000c26e8a88,0x00000000c4300000)
 Metaspace       used 64725K, committed 65792K, reserved 1114112K
  class space    used 7826K, committed 8320K, reserved 1048576K
}
Event: 28.226 GC heap before
{Heap before GC invocations=50 (full 3):
 PSYoungGen      total 15872K, used 15854K [0x00000000eab00000, 0x00000000ebf00000, 0x0000000100000000)
  eden space 15360K, 100% used [0x00000000eab00000,0x00000000eba00000,0x00000000eba00000)
  from space 512K, 96% used [0x00000000ebe80000,0x00000000ebefba78,0x00000000ebf00000)
  to   space 1024K, 0% used [0x00000000ebd00000,0x00000000ebd00000,0x00000000ebe00000)
 ParOldGen       total 68608K, used 39842K [0x00000000c0000000, 0x00000000c4300000, 0x00000000eab00000)
  object space 68608K, 58% used [0x00000000c0000000,0x00000000c26e8a88,0x00000000c4300000)
 Metaspace       used 65027K, committed 66112K, reserved 1114112K
  class space    used 7884K, committed 8384K, reserved 1048576K
}
Event: 28.227 GC heap after
{Heap after GC invocations=50 (full 3):
 PSYoungGen      total 16384K, used 160K [0x00000000eab00000, 0x00000000ebf00000, 0x0000000100000000)
  eden space 15360K, 0% used [0x00000000eab00000,0x00000000eab00000,0x00000000eba00000)
  from space 1024K, 15% used [0x00000000ebd00000,0x00000000ebd28000,0x00000000ebe00000)
  to   space 512K, 0% used [0x00000000ebe80000,0x00000000ebe80000,0x00000000ebf00000)
 ParOldGen       total 68608K, used 39866K [0x00000000c0000000, 0x00000000c4300000, 0x00000000eab00000)
  object space 68608K, 58% used [0x00000000c0000000,0x00000000c26eea88,0x00000000c4300000)
 Metaspace       used 65027K, committed 66112K, reserved 1114112K
  class space    used 7884K, committed 8384K, reserved 1048576K
}
Event: 29.450 GC heap before
{Heap before GC invocations=51 (full 3):
 PSYoungGen      total 16384K, used 15520K [0x00000000eab00000, 0x00000000ebf00000, 0x0000000100000000)
  eden space 15360K, 100% used [0x00000000eab00000,0x00000000eba00000,0x00000000eba00000)
  from space 1024K, 15% used [0x00000000ebd00000,0x00000000ebd28000,0x00000000ebe00000)
  to   space 512K, 0% used [0x00000000ebe80000,0x00000000ebe80000,0x00000000ebf00000)
 ParOldGen       total 68608K, used 39866K [0x00000000c0000000, 0x00000000c4300000, 0x00000000eab00000)
  object space 68608K, 58% used [0x00000000c0000000,0x00000000c26eea88,0x00000000c4300000)
 Metaspace       used 65902K, committed 67008K, reserved 1114112K
  class space    used 8005K, committed 8512K, reserved 1048576K
}
Event: 29.452 GC heap after
{Heap after GC invocations=51 (full 3):
 PSYoungGen      total 15872K, used 384K [0x00000000eab00000, 0x00000000ebf00000, 0x0000000100000000)
  eden space 15360K, 0% used [0x00000000eab00000,0x00000000eab00000,0x00000000eba00000)
  from space 512K, 75% used [0x00000000ebe80000,0x00000000ebee0000,0x00000000ebf00000)
  to   space 512K, 0% used [0x00000000ebe00000,0x00000000ebe00000,0x00000000ebe80000)
 ParOldGen       total 68608K, used 39970K [0x00000000c0000000, 0x00000000c4300000, 0x00000000eab00000)
  object space 68608K, 58% used [0x00000000c0000000,0x00000000c2708a88,0x00000000c4300000)
 Metaspace       used 65902K, committed 67008K, reserved 1114112K
  class space    used 8005K, committed 8512K, reserved 1048576K
}
Event: 30.296 GC heap before
{Heap before GC invocations=52 (full 3):
 PSYoungGen      total 15872K, used 15744K [0x00000000eab00000, 0x00000000ebf00000, 0x0000000100000000)
  eden space 15360K, 100% used [0x00000000eab00000,0x00000000eba00000,0x00000000eba00000)
  from space 512K, 75% used [0x00000000ebe80000,0x00000000ebee0000,0x00000000ebf00000)
  to   space 512K, 0% used [0x00000000ebe00000,0x00000000ebe00000,0x00000000ebe80000)
 ParOldGen       total 68608K, used 39970K [0x00000000c0000000, 0x00000000c4300000, 0x00000000eab00000)
  object space 68608K, 58% used [0x00000000c0000000,0x00000000c2708a88,0x00000000c4300000)
 Metaspace       used 66712K, committed 67840K, reserved 1114112K
  class space    used 8095K, committed 8576K, reserved 1048576K
}
Event: 30.298 GC heap after
{Heap after GC invocations=52 (full 3):
 PSYoungGen      total 15872K, used 503K [0x00000000eab00000, 0x00000000ebf00000, 0x0000000100000000)
  eden space 15360K, 0% used [0x00000000eab00000,0x00000000eab00000,0x00000000eba00000)
  from space 512K, 98% used [0x00000000ebe00000,0x00000000ebe7dfc8,0x00000000ebe80000)
  to   space 512K, 0% used [0x00000000ebe80000,0x00000000ebe80000,0x00000000ebf00000)
 ParOldGen       total 68608K, used 40355K [0x00000000c0000000, 0x00000000c4300000, 0x00000000eab00000)
  object space 68608K, 58% used [0x00000000c0000000,0x00000000c2768fa0,0x00000000c4300000)
 Metaspace       used 66712K, committed 67840K, reserved 1114112K
  class space    used 8095K, committed 8576K, reserved 1048576K
}

