# JRE version: OpenJDK Runtime Environment (17.0.6) (build 17.0.6+0-b2043.56-10027231)
# Java VM: OpenJDK 64-Bit Server VM (17.0.6+0-b2043.56-10027231, mixed mode, tiered, compressed oops, compressed class ptrs, g1 gc, windows-amd64)
GC Precious Log:
 CPUs: 4 total, 4 available
 Memory: 7834M
 Large Page Support: Disabled
 NUMA Support: Disabled
 Compressed Oops: Enabled (32-bit)
 Heap Region Size: 1M
 Heap Min Capacity: 8M
 Heap Initial Capacity: 124M
 Heap Max Capacity: 2G
 Pre-touch: Disabled
 Parallel Workers: 4
 Concurrent Workers: 1
 Concurrent Refinement Workers: 4
 Periodic GC: Disabled
Heap:
 garbage-first heap   total 562176K, used 410520K [0x0000000080000000, 0x0000000100000000)
  region size 1024K, 11 young (11264K), 11 survivors (11264K)
 Metaspace       used 139203K, committed 140480K, reserved 1171456K
  class space    used 18857K, committed 19456K, reserved 1048576K
GC Heap History (20 events):
Event: 397.093 GC heap after
{Heap after GC invocations=63 (full 0):
 garbage-first heap   total 393216K, used 222776K [0x0000000080000000, 0x0000000100000000)
  region size 1024K, 5 young (5120K), 5 survivors (5120K)
 Metaspace       used 129054K, committed 130304K, reserved 1163264K
  class space    used 17328K, committed 17920K, reserved 1048576K
}
Event: 397.126 GC heap before
{Heap before GC invocations=63 (full 0):
 garbage-first heap   total 393216K, used 241208K [0x0000000080000000, 0x0000000100000000)
  region size 1024K, 7 young (7168K), 5 survivors (5120K)
 Metaspace       used 129054K, committed 130304K, reserved 1163264K
  class space    used 17328K, committed 17920K, reserved 1048576K
}
Event: 397.135 GC heap after
{Heap after GC invocations=64 (full 0):
 garbage-first heap   total 393216K, used 240425K [0x0000000080000000, 0x0000000100000000)
  region size 1024K, 6 young (6144K), 6 survivors (6144K)
 Metaspace       used 129054K, committed 130304K, reserved 1163264K
  class space    used 17328K, committed 17920K, reserved 1048576K
}
Event: 397.182 GC heap before
{Heap before GC invocations=64 (full 0):
 garbage-first heap   total 393216K, used 256809K [0x0000000080000000, 0x0000000100000000)
  region size 1024K, 8 young (8192K), 6 survivors (6144K)
 Metaspace       used 129055K, committed 130304K, reserved 1163264K
  class space    used 17328K, committed 17920K, reserved 1048576K
}
Event: 397.193 GC heap after
{Heap after GC invocations=65 (full 0):
 garbage-first heap   total 393216K, used 256503K [0x0000000080000000, 0x0000000100000000)
  region size 1024K, 5 young (5120K), 5 survivors (5120K)
 Metaspace       used 129055K, committed 130304K, reserved 1163264K
  class space    used 17328K, committed 17920K, reserved 1048576K
}
Event: 399.649 GC heap before
{Heap before GC invocations=66 (full 0):
 garbage-first heap   total 471040K, used 371191K [0x0000000080000000, 0x0000000100000000)
  region size 1024K, 79 young (80896K), 5 survivors (5120K)
 Metaspace       used 129929K, committed 131200K, reserved 1163264K
  class space    used 17438K, committed 18048K, reserved 1048576K
}
Event: 399.663 GC heap after
{Heap after GC invocations=67 (full 0):
 garbage-first heap   total 471040K, used 218714K [0x0000000080000000, 0x0000000100000000)
  region size 1024K, 10 young (10240K), 10 survivors (10240K)
 Metaspace       used 129929K, committed 131200K, reserved 1163264K
  class space    used 17438K, committed 18048K, reserved 1048576K
}
Event: 399.773 GC heap before
{Heap before GC invocations=67 (full 0):
 garbage-first heap   total 471040K, used 231002K [0x0000000080000000, 0x0000000100000000)
  region size 1024K, 23 young (23552K), 10 survivors (10240K)
 Metaspace       used 130065K, committed 131328K, reserved 1163264K
  class space    used 17456K, committed 18048K, reserved 1048576K
}
Event: 399.810 GC heap after
{Heap after GC invocations=68 (full 0):
 garbage-first heap   total 471040K, used 207861K [0x0000000080000000, 0x0000000100000000)
  region size 1024K, 3 young (3072K), 3 survivors (3072K)
 Metaspace       used 130065K, committed 131328K, reserved 1163264K
  class space    used 17456K, committed 18048K, reserved 1048576K
}
Event: 401.173 GC heap before
{Heap before GC invocations=68 (full 0):
 garbage-first heap   total 471040K, used 406517K [0x0000000080000000, 0x0000000100000000)
  region size 1024K, 180 young (184320K), 3 survivors (3072K)
 Metaspace       used 133533K, committed 134848K, reserved 1171456K
  class space    used 17912K, committed 18560K, reserved 1048576K
}
Event: 401.194 GC heap after
{Heap after GC invocations=69 (full 0):
 garbage-first heap   total 471040K, used 248438K [0x0000000080000000, 0x0000000100000000)
  region size 1024K, 23 young (23552K), 23 survivors (23552K)
 Metaspace       used 133533K, committed 134848K, reserved 1171456K
  class space    used 17912K, committed 18560K, reserved 1048576K
}
Event: 401.418 GC heap before
{Heap before GC invocations=69 (full 0):
 garbage-first heap   total 471040K, used 293494K [0x0000000080000000, 0x0000000100000000)
  region size 1024K, 68 young (69632K), 23 survivors (23552K)
 Metaspace       used 134638K, committed 135936K, reserved 1171456K
  class space    used 18077K, committed 18688K, reserved 1048576K
}
Event: 401.450 GC heap after
{Heap after GC invocations=70 (full 0):
 garbage-first heap   total 471040K, used 250191K [0x0000000080000000, 0x0000000100000000)
  region size 1024K, 2 young (2048K), 2 survivors (2048K)
 Metaspace       used 134638K, committed 135936K, reserved 1171456K
  class space    used 18077K, committed 18688K, reserved 1048576K
}
Event: 403.058 GC heap before
{Heap before GC invocations=71 (full 0):
 garbage-first heap   total 562176K, used 438607K [0x0000000080000000, 0x0000000100000000)
  region size 1024K, 133 young (136192K), 2 survivors (2048K)
 Metaspace       used 136710K, committed 137984K, reserved 1171456K
  class space    used 18372K, committed 19008K, reserved 1048576K
}
Event: 403.165 GC heap after
{Heap after GC invocations=72 (full 0):
 garbage-first heap   total 562176K, used 315288K [0x0000000080000000, 0x0000000100000000)
  region size 1024K, 17 young (17408K), 17 survivors (17408K)
 Metaspace       used 136710K, committed 137984K, reserved 1171456K
  class space    used 18372K, committed 19008K, reserved 1048576K
}
Event: 403.370 GC heap before
{Heap before GC invocations=72 (full 0):
 garbage-first heap   total 562176K, used 324504K [0x0000000080000000, 0x0000000100000000)
  region size 1024K, 27 young (27648K), 17 survivors (17408K)
 Metaspace       used 138144K, committed 139392K, reserved 1171456K
  class space    used 18738K, committed 19328K, reserved 1048576K
}
Event: 403.426 GC heap after
{Heap after GC invocations=73 (full 0):
 garbage-first heap   total 562176K, used 312216K [0x0000000080000000, 0x0000000100000000)
  region size 1024K, 2 young (2048K), 2 survivors (2048K)
 Metaspace       used 138144K, committed 139392K, reserved 1171456K
  class space    used 18738K, committed 19328K, reserved 1048576K
}
Event: 404.913 GC heap before
{Heap before GC invocations=73 (full 0):
 garbage-first heap   total 562176K, used 445336K [0x0000000080000000, 0x0000000100000000)
  region size 1024K, 132 young (135168K), 2 survivors (2048K)
 Metaspace       used 139196K, committed 140480K, reserved 1171456K
  class space    used 18857K, committed 19456K, reserved 1048576K
}
Event: 405.045 GC heap after
{Heap after GC invocations=74 (full 0):
 garbage-first heap   total 562176K, used 374680K [0x0000000080000000, 0x0000000100000000)
  region size 1024K, 17 young (17408K), 17 survivors (17408K)
 Metaspace       used 139196K, committed 140480K, reserved 1171456K
  class space    used 18857K, committed 19456K, reserved 1048576K
}
Event: 405.411 GC heap before
{Heap before GC invocations=74 (full 0):
 garbage-first heap   total 562176K, used 446360K [0x0000000080000000, 0x0000000100000000)
  region size 1024K, 88 young (90112K), 17 survivors (17408K)
 Metaspace       used 139203K, committed 140480K, reserved 1171456K
  class space    used 18857K, committed 19456K, reserved 1048576K
}

